<?xml version="1.0" encoding="UTF-8"?>
<testng-results ignored="0" total="1" passed="0" failed="1" skipped="0">
  <reporter-output>
  </reporter-output>
  <suite started-at="2024-08-18T21:55:38 EEST" name="Default suite" finished-at="2024-08-18T21:56:29 EEST" duration-ms="50578">
    <groups>
    </groups>
    <test started-at="2024-08-18T21:55:38 EEST" name="Default test" finished-at="2024-08-18T21:56:29 EEST" duration-ms="50578">
      <class name="example.Scenario2">
        <test-method is-config="true" signature="setUp()[pri:0, instance:example.Scenario2@614df0a4]" started-at="2024-08-18T21:55:38 EEST" name="setUp" finished-at="2024-08-18T21:55:56 EEST" duration-ms="17535" status="PASS">
          <reporter-output>
          </reporter-output>
        </test-method> <!-- setUp -->
        <test-method signature="testReleaseDateFilter()[pri:0, instance:example.Scenario2@614df0a4]" started-at="2024-08-18T21:55:56 EEST" name="testReleaseDateFilter" finished-at="2024-08-18T21:56:28 EEST" duration-ms="32238" status="FAIL">
          <exception class="java.lang.AssertionError">
            <message>
              <![CDATA[The movie release date 1874-12-09 is not in the future expected [true] but found [false]]]>
            </message>
            <full-stacktrace>
              <![CDATA[java.lang.AssertionError: The movie release date 1874-12-09 is not in the future expected [true] but found [false]
at org.testng.Assert.fail(Assert.java:110)
at org.testng.Assert.failNotEquals(Assert.java:1413)
at org.testng.Assert.assertTrue(Assert.java:56)
at example.Scenario2.testReleaseDateFilter(Scenario2.java:31)
at java.base/jdk.internal.reflect.DirectMethodHandleAccessor.invoke(DirectMethodHandleAccessor.java:103)
at java.base/java.lang.reflect.Method.invoke(Method.java:580)
at org.testng.internal.invokers.MethodInvocationHelper.invokeMethod(MethodInvocationHelper.java:135)
at org.testng.internal.invokers.TestInvoker.invokeMethod(TestInvoker.java:673)
at org.testng.internal.invokers.TestInvoker.invokeTestMethod(TestInvoker.java:220)
at org.testng.internal.invokers.MethodRunner.runInSequence(MethodRunner.java:50)
at org.testng.internal.invokers.TestInvoker$MethodInvocationAgent.invoke(TestInvoker.java:945)
at org.testng.internal.invokers.TestInvoker.invokeTestMethods(TestInvoker.java:193)
at org.testng.internal.invokers.TestMethodWorker.invokeTestMethods(TestMethodWorker.java:146)
at org.testng.internal.invokers.TestMethodWorker.run(TestMethodWorker.java:128)
at java.base/java.util.ArrayList.forEach(ArrayList.java:1597)
at org.testng.TestRunner.privateRun(TestRunner.java:808)
at org.testng.TestRunner.run(TestRunner.java:603)
at org.testng.SuiteRunner.runTest(SuiteRunner.java:429)
at org.testng.SuiteRunner.runSequentially(SuiteRunner.java:423)
at org.testng.SuiteRunner.privateRun(SuiteRunner.java:383)
at org.testng.SuiteRunner.run(SuiteRunner.java:326)
at org.testng.SuiteRunnerWorker.runSuite(SuiteRunnerWorker.java:52)
at org.testng.SuiteRunnerWorker.run(SuiteRunnerWorker.java:95)
at org.testng.TestNG.runSuitesSequentially(TestNG.java:1249)
at org.testng.TestNG.runSuitesLocally(TestNG.java:1169)
at org.testng.TestNG.runSuites(TestNG.java:1092)
at org.testng.TestNG.run(TestNG.java:1060)
at org.testng.remote.AbstractRemoteTestNG.run(AbstractRemoteTestNG.java:115)
at org.testng.remote.RemoteTestNG.initAndRun(RemoteTestNG.java:293)
at org.testng.remote.RemoteTestNG.main(RemoteTestNG.java:91)
]]>
            </full-stacktrace>
          </exception> <!-- java.lang.AssertionError -->
          <reporter-output>
          </reporter-output>
        </test-method> <!-- testReleaseDateFilter -->
        <test-method is-config="true" signature="tearDown()[pri:0, instance:example.Scenario2@614df0a4]" started-at="2024-08-18T21:56:28 EEST" name="tearDown" finished-at="2024-08-18T21:56:29 EEST" duration-ms="757" status="PASS">
          <reporter-output>
          </reporter-output>
        </test-method> <!-- tearDown -->
      </class> <!-- example.Scenario2 -->
    </test> <!-- Default test -->
  </suite> <!-- Default suite -->
</testng-results>
